<testsuites id="" name="" tests="5" failures="0" skipped="0" errors="0" time="14.072663999998943">
<testsuite name="api\homework-API.spec.ts" timestamp="2025-07-15T22:27:41.975Z" hostname="Regression" tests="5" failures="0" skipped="0" time="5.383" errors="0">
<testcase name="API e2e test to perform CRUD operations on student data › Retrieve all students and validate the response" classname="api\homework-API.spec.ts" time="1.648">
<system-out>
<![CDATA[[
  {
    STUDENT_ID: [33m10514[39m,
    DOB: [32m'1995-12-23T00:00:00.000Z'[39m,
    EMAIL: [32m'ayah-elkossei.tgschool@gmail.com'[39m,
    FIRST_NAME: [32m'Ayah'[39m,
    LAST_NAME: [32m'Elkossei'[39m,
    INSTRUCTOR_ID: [33m2[39m,
    INSTRUCTOR_NAME: [32m'Robert Hass'[39m
  },
  {
    STUDENT_ID: [33m1[39m,
    DOB: [32m'2020-09-20T00:00:00.000Z'[39m,
    EMAIL: [32m'tech.global@techglobal.com'[39m,
    FIRST_NAME: [32m'Tech'[39m,
    LAST_NAME: [32m'Global'[39m,
    INSTRUCTOR_ID: [33m1[39m,
    INSTRUCTOR_NAME: [32m'Leyla Haddad'[39m
  },
  {
    STUDENT_ID: [33m2[39m,
    DOB: [32m'1990-01-01T00:00:00.000Z'[39m,
    EMAIL: [32m'john.doe@techglobal.com'[39m,
    FIRST_NAME: [32m'John'[39m,
    LAST_NAME: [32m'Doe'[39m,
    INSTRUCTOR_ID: [33m2[39m,
    INSTRUCTOR_NAME: [32m'Robert Hass'[39m
  }
]
]]>
</system-out>
</testcase>
<testcase name="API e2e test to perform CRUD operations on student data › Create a new student and validate the response" classname="api\homework-API.spec.ts" time="0.877">
<system-out>
<![CDATA[{
  STUDENT_ID: [33m10515[39m,
  DOB: [32m'1995-01-01'[39m,
  EMAIL: [32m'tgschool@gmail.com'[39m,
  FIRST_NAME: [32m'MMMM'[39m,
  LAST_NAME: [32m'Global'[39m,
  INSTRUCTOR_ID: [33m2[39m
}
Student created: {
  STUDENT_ID: [33m10515[39m,
  DOB: [32m'1995-01-01'[39m,
  EMAIL: [32m'tgschool@gmail.com'[39m,
  FIRST_NAME: [32m'MMMM'[39m,
  LAST_NAME: [32m'Global'[39m,
  INSTRUCTOR_ID: [33m2[39m
}
]]>
</system-out>
</testcase>
<testcase name="API e2e test to perform CRUD operations on student data › Get the student we created using GET" classname="api\homework-API.spec.ts" time="0.963">
<system-out>
<![CDATA[{
  STUDENT_ID: [33m10515[39m,
  DOB: [32m'1995-01-01T00:00:00.000Z'[39m,
  EMAIL: [32m'tgschool@gmail.com'[39m,
  FIRST_NAME: [32m'MMMM'[39m,
  LAST_NAME: [32m'Global'[39m,
  INSTRUCTOR_ID: [33m2[39m,
  INSTRUCTOR_NAME: [32m'Robert Hass'[39m
}
]]>
</system-out>
</testcase>
<testcase name="API e2e test to perform CRUD operations on student data › Update Newly Created Student with a Different Instructor" classname="api\homework-API.spec.ts" time="0.891">
</testcase>
<testcase name="API e2e test to perform CRUD operations on student data › Delete the student  using DELETE" classname="api\homework-API.spec.ts" time="1.004">
</testcase>
</testsuite>
</testsuites>